Result on result-comp8/SRCNN, File : result-comp8/SRCNN/dBhistory.npy
 CUDA  : True
 AUG   : True
 C11   : False
 SYM   : False
 COMP  : True
[Epoch 1] Loss: 0.3285, PSNR: 4.8820 dB
[Epoch 2] Loss: 0.3087, PSNR: 5.1934 dB
[Epoch 3] Loss: 0.2895, PSNR: 5.4200 dB
[Epoch 4] Loss: 0.2885, PSNR: 5.4504 dB
[Epoch 5] Loss: 0.1906, PSNR: 7.2532 dB
[Epoch 6] Loss: 0.1064, PSNR: 9.9985 dB
[Epoch 7] Loss: 0.0388, PSNR: 14.3565 dB
[Epoch 8] Loss: 0.0388, PSNR: 14.1629 dB
[Epoch 9] Loss: 0.0349, PSNR: 14.7061 dB
[Epoch 10] Loss: 0.0321, PSNR: 14.9902 dB
[Epoch 11] Loss: 0.0282, PSNR: 15.6057 dB
[Epoch 12] Loss: 0.0306, PSNR: 15.3461 dB
[Epoch 13] Loss: 0.0296, PSNR: 15.4321 dB
[Epoch 14] Loss: 0.0282, PSNR: 15.6017 dB
[Epoch 15] Loss: 0.0300, PSNR: 15.3412 dB
[Epoch 16] Loss: 0.0297, PSNR: 15.3913 dB
[Epoch 17] Loss: 0.0288, PSNR: 15.5788 dB
[Epoch 18] Loss: 0.0275, PSNR: 15.7241 dB
[Epoch 19] Loss: 0.0278, PSNR: 15.6019 dB
[Epoch 20] Loss: 0.0297, PSNR: 15.4406 dB
[Epoch 21] Loss: 0.0283, PSNR: 15.5895 dB
[Epoch 22] Loss: 0.0293, PSNR: 15.3862 dB
[Epoch 23] Loss: 0.0291, PSNR: 15.4985 dB
[Epoch 24] Loss: 0.0296, PSNR: 15.3775 dB
[Epoch 25] Loss: 0.0292, PSNR: 15.4406 dB
[Epoch 26] Loss: 0.0302, PSNR: 15.4277 dB
[Epoch 27] Loss: 0.0299, PSNR: 15.3413 dB
[Epoch 28] Loss: 0.0289, PSNR: 15.4691 dB
[Epoch 29] Loss: 0.0295, PSNR: 15.3612 dB
[Epoch 30] Loss: 0.0277, PSNR: 15.7584 dB
[Epoch 31] Loss: 0.0275, PSNR: 15.6415 dB
[Epoch 32] Loss: 0.0302, PSNR: 15.4461 dB
[Epoch 33] Loss: 0.0261, PSNR: 15.8874 dB
[Epoch 34] Loss: 0.0290, PSNR: 15.5383 dB
[Epoch 35] Loss: 0.0286, PSNR: 15.7510 dB
[Epoch 36] Loss: 0.0302, PSNR: 15.3254 dB
[Epoch 37] Loss: 0.0270, PSNR: 15.8624 dB
[Epoch 38] Loss: 0.0252, PSNR: 16.1553 dB
[Epoch 39] Loss: 0.0255, PSNR: 16.1187 dB
[Epoch 40] Loss: 0.0250, PSNR: 16.1624 dB
[Epoch 41] Loss: 0.0273, PSNR: 15.8947 dB
[Epoch 42] Loss: 0.0267, PSNR: 15.8231 dB
[Epoch 43] Loss: 0.0238, PSNR: 16.2974 dB
[Epoch 44] Loss: 0.0265, PSNR: 15.8116 dB
[Epoch 45] Loss: 0.0263, PSNR: 15.9633 dB
[Epoch 46] Loss: 0.0272, PSNR: 15.7872 dB
[Epoch 47] Loss: 0.0255, PSNR: 16.0457 dB
[Epoch 48] Loss: 0.0255, PSNR: 16.1548 dB
[Epoch 49] Loss: 0.0249, PSNR: 16.1259 dB
[Epoch 50] Loss: 0.0251, PSNR: 16.1340 dB
[Epoch 51] Loss: 0.0258, PSNR: 16.0064 dB
[Epoch 52] Loss: 0.0252, PSNR: 16.3003 dB
[Epoch 53] Loss: 0.0249, PSNR: 16.1891 dB
[Epoch 54] Loss: 0.0265, PSNR: 15.8757 dB
[Epoch 55] Loss: 0.0247, PSNR: 16.3624 dB
[Epoch 56] Loss: 0.0238, PSNR: 16.4579 dB
[Epoch 57] Loss: 0.0236, PSNR: 16.4007 dB
[Epoch 58] Loss: 0.0231, PSNR: 16.6000 dB
[Epoch 59] Loss: 0.0235, PSNR: 16.5250 dB
[Epoch 60] Loss: 0.0238, PSNR: 16.2935 dB
[Epoch 61] Loss: 0.0246, PSNR: 16.2646 dB
[Epoch 62] Loss: 0.0230, PSNR: 16.6410 dB
[Epoch 63] Loss: 0.0240, PSNR: 16.4250 dB
[Epoch 64] Loss: 0.0232, PSNR: 16.4219 dB
[Epoch 65] Loss: 0.0218, PSNR: 16.8619 dB
[Epoch 66] Loss: 0.0256, PSNR: 16.1919 dB
[Epoch 67] Loss: 0.0235, PSNR: 16.4623 dB
[Epoch 68] Loss: 0.0234, PSNR: 16.6184 dB
[Epoch 69] Loss: 0.0239, PSNR: 16.5131 dB
[Epoch 70] Loss: 0.0226, PSNR: 16.7314 dB
[Epoch 71] Loss: 0.0229, PSNR: 16.5435 dB
[Epoch 72] Loss: 0.0212, PSNR: 17.0286 dB
[Epoch 73] Loss: 0.0233, PSNR: 16.4309 dB
[Epoch 74] Loss: 0.0218, PSNR: 16.7893 dB
[Epoch 75] Loss: 0.0208, PSNR: 16.9481 dB
[Epoch 76] Loss: 0.0226, PSNR: 16.6059 dB
[Epoch 77] Loss: 0.0233, PSNR: 16.5558 dB
[Epoch 78] Loss: 0.0231, PSNR: 16.4949 dB
[Epoch 79] Loss: 0.0220, PSNR: 16.9859 dB
[Epoch 80] Loss: 0.0224, PSNR: 16.7183 dB
[Epoch 81] Loss: 0.0233, PSNR: 16.6246 dB
[Epoch 82] Loss: 0.0225, PSNR: 16.6777 dB
[Epoch 83] Loss: 0.0214, PSNR: 16.8928 dB
[Epoch 84] Loss: 0.0209, PSNR: 17.1214 dB
[Epoch 85] Loss: 0.0233, PSNR: 16.5298 dB
[Epoch 86] Loss: 0.0212, PSNR: 16.9486 dB
[Epoch 87] Loss: 0.0203, PSNR: 17.1440 dB
[Epoch 88] Loss: 0.0191, PSNR: 17.4686 dB
[Epoch 89] Loss: 0.0220, PSNR: 16.7487 dB
[Epoch 90] Loss: 0.0234, PSNR: 16.4150 dB
[Epoch 91] Loss: 0.0229, PSNR: 16.5741 dB
[Epoch 92] Loss: 0.0220, PSNR: 17.1264 dB
[Epoch 93] Loss: 0.0226, PSNR: 16.7105 dB
[Epoch 94] Loss: 0.0237, PSNR: 16.3402 dB
[Epoch 95] Loss: 0.0208, PSNR: 16.9784 dB
[Epoch 96] Loss: 0.0206, PSNR: 17.1142 dB
[Epoch 97] Loss: 0.0209, PSNR: 16.9405 dB
[Epoch 98] Loss: 0.0207, PSNR: 17.0230 dB
[Epoch 99] Loss: 0.0214, PSNR: 16.9018 dB
[Epoch 100] Loss: 0.0220, PSNR: 16.9282 dB
[Epoch 101] Loss: 0.0208, PSNR: 16.9294 dB
[Epoch 102] Loss: 0.0217, PSNR: 16.7436 dB
[Epoch 103] Loss: 0.0215, PSNR: 16.9298 dB
[Epoch 104] Loss: 0.0213, PSNR: 16.9971 dB
[Epoch 105] Loss: 0.0217, PSNR: 16.9195 dB
[Epoch 106] Loss: 0.0224, PSNR: 16.8079 dB
[Epoch 107] Loss: 0.0229, PSNR: 16.7580 dB
[Epoch 108] Loss: 0.0212, PSNR: 17.0139 dB
[Epoch 109] Loss: 0.0218, PSNR: 16.8341 dB
[Epoch 110] Loss: 0.0219, PSNR: 16.7522 dB
[Epoch 111] Loss: 0.0213, PSNR: 16.8031 dB
[Epoch 112] Loss: 0.0207, PSNR: 17.1910 dB
[Epoch 113] Loss: 0.0208, PSNR: 17.0807 dB
[Epoch 114] Loss: 0.0215, PSNR: 16.9425 dB
[Epoch 115] Loss: 0.0217, PSNR: 16.7726 dB
[Epoch 116] Loss: 0.0222, PSNR: 16.7134 dB
[Epoch 117] Loss: 0.0231, PSNR: 16.6115 dB
[Epoch 118] Loss: 0.0218, PSNR: 16.9064 dB
[Epoch 119] Loss: 0.0205, PSNR: 16.9727 dB
[Epoch 120] Loss: 0.0196, PSNR: 17.3940 dB
[Epoch 121] Loss: 0.0214, PSNR: 17.0071 dB
[Epoch 122] Loss: 0.0229, PSNR: 16.7189 dB
[Epoch 123] Loss: 0.0231, PSNR: 16.6092 dB
[Epoch 124] Loss: 0.0224, PSNR: 16.6688 dB
[Epoch 125] Loss: 0.0213, PSNR: 16.9911 dB
[Epoch 126] Loss: 0.0217, PSNR: 16.8634 dB
[Epoch 127] Loss: 0.0201, PSNR: 17.1756 dB
[Epoch 128] Loss: 0.0203, PSNR: 17.0592 dB
[Epoch 129] Loss: 0.0208, PSNR: 17.0753 dB
[Epoch 130] Loss: 0.0208, PSNR: 17.1133 dB
[Epoch 131] Loss: 0.0236, PSNR: 16.4094 dB
[Epoch 132] Loss: 0.0222, PSNR: 16.8210 dB
[Epoch 133] Loss: 0.0214, PSNR: 16.9651 dB
[Epoch 134] Loss: 0.0201, PSNR: 17.0456 dB
[Epoch 135] Loss: 0.0217, PSNR: 16.9034 dB
[Epoch 136] Loss: 0.0216, PSNR: 16.9294 dB
[Epoch 137] Loss: 0.0205, PSNR: 17.0016 dB
[Epoch 138] Loss: 0.0225, PSNR: 16.5797 dB
[Epoch 139] Loss: 0.0205, PSNR: 17.1695 dB
[Epoch 140] Loss: 0.0203, PSNR: 17.1736 dB
[Epoch 141] Loss: 0.0217, PSNR: 16.8081 dB
[Epoch 142] Loss: 0.0226, PSNR: 16.5088 dB
[Epoch 143] Loss: 0.0221, PSNR: 16.7662 dB
[Epoch 144] Loss: 0.0232, PSNR: 16.7706 dB
[Epoch 145] Loss: 0.0239, PSNR: 16.3951 dB
[Epoch 146] Loss: 0.0220, PSNR: 16.7736 dB
[Epoch 147] Loss: 0.0203, PSNR: 17.1202 dB
[Epoch 148] Loss: 0.0221, PSNR: 16.7616 dB
[Epoch 149] Loss: 0.0206, PSNR: 17.0745 dB
[Epoch 150] Loss: 0.0219, PSNR: 16.7646 dB
[Epoch 151] Loss: 0.0220, PSNR: 16.7634 dB
[Epoch 152] Loss: 0.0222, PSNR: 16.7386 dB
[Epoch 153] Loss: 0.0209, PSNR: 16.8787 dB
[Epoch 154] Loss: 0.0204, PSNR: 16.9715 dB
[Epoch 155] Loss: 0.0213, PSNR: 16.9058 dB
[Epoch 156] Loss: 0.0209, PSNR: 16.8873 dB
[Epoch 157] Loss: 0.0213, PSNR: 16.9887 dB
[Epoch 158] Loss: 0.0211, PSNR: 16.8287 dB
[Epoch 159] Loss: 0.0214, PSNR: 16.9551 dB
[Epoch 160] Loss: 0.0211, PSNR: 16.8385 dB
[Epoch 161] Loss: 0.0198, PSNR: 17.1712 dB
[Epoch 162] Loss: 0.0211, PSNR: 16.8442 dB
[Epoch 163] Loss: 0.0197, PSNR: 17.3955 dB
[Epoch 164] Loss: 0.0205, PSNR: 17.0581 dB
[Epoch 165] Loss: 0.0192, PSNR: 17.2460 dB
[Epoch 166] Loss: 0.0217, PSNR: 16.9105 dB
[Epoch 167] Loss: 0.0223, PSNR: 16.6635 dB
[Epoch 168] Loss: 0.0231, PSNR: 16.5490 dB
[Epoch 169] Loss: 0.0214, PSNR: 16.9406 dB
[Epoch 170] Loss: 0.0210, PSNR: 17.0159 dB
[Epoch 171] Loss: 0.0218, PSNR: 16.7750 dB
[Epoch 172] Loss: 0.0218, PSNR: 16.9010 dB
[Epoch 173] Loss: 0.0222, PSNR: 16.6519 dB
[Epoch 174] Loss: 0.0213, PSNR: 16.9438 dB
[Epoch 175] Loss: 0.0212, PSNR: 16.8303 dB
[Epoch 176] Loss: 0.0221, PSNR: 16.7549 dB
[Epoch 177] Loss: 0.0226, PSNR: 16.6525 dB
[Epoch 178] Loss: 0.0215, PSNR: 16.9208 dB
[Epoch 179] Loss: 0.0208, PSNR: 17.0752 dB
[Epoch 180] Loss: 0.0214, PSNR: 16.8331 dB
[Epoch 181] Loss: 0.0200, PSNR: 17.1528 dB
[Epoch 182] Loss: 0.0202, PSNR: 17.2620 dB
[Epoch 183] Loss: 0.0205, PSNR: 17.1576 dB
[Epoch 184] Loss: 0.0203, PSNR: 17.0594 dB
[Epoch 185] Loss: 0.0199, PSNR: 17.2154 dB
[Epoch 186] Loss: 0.0189, PSNR: 17.2992 dB
[Epoch 187] Loss: 0.0197, PSNR: 17.2322 dB
[Epoch 188] Loss: 0.0207, PSNR: 17.0672 dB
[Epoch 189] Loss: 0.0215, PSNR: 16.8813 dB
[Epoch 190] Loss: 0.0212, PSNR: 17.1858 dB
[Epoch 191] Loss: 0.0209, PSNR: 16.9721 dB
[Epoch 192] Loss: 0.0214, PSNR: 16.9902 dB
[Epoch 193] Loss: 0.0211, PSNR: 16.9501 dB
[Epoch 194] Loss: 0.0244, PSNR: 16.5475 dB
[Epoch 195] Loss: 0.0191, PSNR: 17.2602 dB
[Epoch 196] Loss: 0.0222, PSNR: 16.8807 dB
[Epoch 197] Loss: 0.0219, PSNR: 16.9188 dB
[Epoch 198] Loss: 0.0211, PSNR: 16.9534 dB
[Epoch 199] Loss: 0.0223, PSNR: 16.8006 dB
[Epoch 200] Loss: 0.0204, PSNR: 17.2094 dB
[Epoch 201] Loss: 0.0221, PSNR: 16.8895 dB
[Epoch 202] Loss: 0.0227, PSNR: 16.7108 dB
[Epoch 203] Loss: 0.0197, PSNR: 17.2197 dB
[Epoch 204] Loss: 0.0223, PSNR: 16.6588 dB
[Epoch 205] Loss: 0.0237, PSNR: 16.4817 dB
[Epoch 206] Loss: 0.0206, PSNR: 17.1196 dB
[Epoch 207] Loss: 0.0210, PSNR: 17.0330 dB
[Epoch 208] Loss: 0.0204, PSNR: 16.9683 dB
[Epoch 209] Loss: 0.0188, PSNR: 17.4311 dB
[Epoch 210] Loss: 0.0213, PSNR: 16.9186 dB
[Epoch 211] Loss: 0.0207, PSNR: 17.0154 dB
[Epoch 212] Loss: 0.0209, PSNR: 17.2495 dB
[Epoch 213] Loss: 0.0201, PSNR: 17.1989 dB
[Epoch 214] Loss: 0.0221, PSNR: 16.9571 dB
[Epoch 215] Loss: 0.0212, PSNR: 17.1864 dB
[Epoch 216] Loss: 0.0199, PSNR: 17.0383 dB
[Epoch 217] Loss: 0.0219, PSNR: 17.1219 dB
[Epoch 218] Loss: 0.0195, PSNR: 17.2495 dB
[Epoch 219] Loss: 0.0200, PSNR: 17.1162 dB
[Epoch 220] Loss: 0.0217, PSNR: 16.8626 dB
[Epoch 221] Loss: 0.0221, PSNR: 16.7152 dB
[Epoch 222] Loss: 0.0205, PSNR: 17.0638 dB
[Epoch 223] Loss: 0.0203, PSNR: 17.2603 dB
[Epoch 224] Loss: 0.0198, PSNR: 17.2850 dB
[Epoch 225] Loss: 0.0203, PSNR: 17.2140 dB
[Epoch 226] Loss: 0.0223, PSNR: 16.6901 dB
[Epoch 227] Loss: 0.0201, PSNR: 17.2015 dB
[Epoch 228] Loss: 0.0197, PSNR: 17.1531 dB
[Epoch 229] Loss: 0.0201, PSNR: 17.1638 dB
[Epoch 230] Loss: 0.0194, PSNR: 17.3309 dB
[Epoch 231] Loss: 0.0230, PSNR: 16.5704 dB
[Epoch 232] Loss: 0.0212, PSNR: 17.2616 dB
[Epoch 233] Loss: 0.0207, PSNR: 17.1619 dB
[Epoch 234] Loss: 0.0217, PSNR: 16.8463 dB
[Epoch 235] Loss: 0.0212, PSNR: 16.9085 dB
[Epoch 236] Loss: 0.0209, PSNR: 17.2066 dB
[Epoch 237] Loss: 0.0203, PSNR: 17.1510 dB
[Epoch 238] Loss: 0.0198, PSNR: 17.3749 dB
[Epoch 239] Loss: 0.0202, PSNR: 17.1359 dB
[Epoch 240] Loss: 0.0214, PSNR: 16.7739 dB
[Epoch 241] Loss: 0.0196, PSNR: 17.3669 dB
[Epoch 242] Loss: 0.0193, PSNR: 17.4187 dB
[Epoch 243] Loss: 0.0201, PSNR: 17.3246 dB
[Epoch 244] Loss: 0.0210, PSNR: 16.9724 dB
[Epoch 245] Loss: 0.0218, PSNR: 16.7666 dB
[Epoch 246] Loss: 0.0199, PSNR: 17.4041 dB
[Epoch 247] Loss: 0.0206, PSNR: 17.0943 dB
[Epoch 248] Loss: 0.0239, PSNR: 16.4272 dB
[Epoch 249] Loss: 0.0198, PSNR: 17.2329 dB
[Epoch 250] Loss: 0.0205, PSNR: 17.0727 dB
[Epoch 251] Loss: 0.0213, PSNR: 16.9194 dB
[Epoch 252] Loss: 0.0185, PSNR: 17.4524 dB
[Epoch 253] Loss: 0.0237, PSNR: 16.5254 dB
[Epoch 254] Loss: 0.0203, PSNR: 17.1769 dB
[Epoch 255] Loss: 0.0231, PSNR: 16.6386 dB
[Epoch 256] Loss: 0.0213, PSNR: 16.8753 dB
[Epoch 257] Loss: 0.0210, PSNR: 16.9368 dB
[Epoch 258] Loss: 0.0201, PSNR: 17.1271 dB
[Epoch 259] Loss: 0.0187, PSNR: 17.4540 dB
[Epoch 260] Loss: 0.0194, PSNR: 17.2985 dB
[Epoch 261] Loss: 0.0205, PSNR: 17.1436 dB
[Epoch 262] Loss: 0.0194, PSNR: 17.4238 dB
[Epoch 263] Loss: 0.0214, PSNR: 16.9277 dB
[Epoch 264] Loss: 0.0191, PSNR: 17.4520 dB
[Epoch 265] Loss: 0.0211, PSNR: 17.0804 dB
[Epoch 266] Loss: 0.0182, PSNR: 17.7141 dB
[Epoch 267] Loss: 0.0190, PSNR: 17.3225 dB
[Epoch 268] Loss: 0.0192, PSNR: 17.5430 dB
[Epoch 269] Loss: 0.0207, PSNR: 16.9732 dB
[Epoch 270] Loss: 0.0190, PSNR: 17.5994 dB
[Epoch 271] Loss: 0.0171, PSNR: 17.8091 dB
[Epoch 272] Loss: 0.0169, PSNR: 17.8751 dB
[Epoch 273] Loss: 0.0163, PSNR: 17.8964 dB
[Epoch 274] Loss: 0.0164, PSNR: 18.0360 dB
[Epoch 275] Loss: 0.0157, PSNR: 18.1247 dB
[Epoch 276] Loss: 0.0161, PSNR: 18.0610 dB
[Epoch 277] Loss: 0.0149, PSNR: 18.4854 dB
[Epoch 278] Loss: 0.0156, PSNR: 18.1966 dB
[Epoch 279] Loss: 0.0147, PSNR: 18.5278 dB
[Epoch 280] Loss: 0.0127, PSNR: 19.0012 dB
[Epoch 281] Loss: 0.0116, PSNR: 19.4915 dB
[Epoch 282] Loss: 0.0114, PSNR: 19.4985 dB
[Epoch 283] Loss: 0.0113, PSNR: 19.6924 dB
[Epoch 284] Loss: 0.0108, PSNR: 19.7952 dB
[Epoch 285] Loss: 0.0120, PSNR: 19.3077 dB
[Epoch 286] Loss: 0.0126, PSNR: 19.1317 dB
[Epoch 287] Loss: 0.0111, PSNR: 19.6271 dB
[Epoch 288] Loss: 0.0101, PSNR: 20.0928 dB
[Epoch 289] Loss: 0.0111, PSNR: 19.7420 dB
[Epoch 290] Loss: 0.0111, PSNR: 19.6098 dB
[Epoch 291] Loss: 0.0103, PSNR: 19.9526 dB
[Epoch 292] Loss: 0.0101, PSNR: 20.0844 dB
[Epoch 293] Loss: 0.0123, PSNR: 19.2144 dB
[Epoch 294] Loss: 0.0112, PSNR: 19.6416 dB
[Epoch 295] Loss: 0.0106, PSNR: 19.8649 dB
[Epoch 296] Loss: 0.0113, PSNR: 19.6341 dB
[Epoch 297] Loss: 0.0102, PSNR: 19.9999 dB
[Epoch 298] Loss: 0.0104, PSNR: 19.8829 dB
[Epoch 299] Loss: 0.0101, PSNR: 20.0936 dB
[Epoch 300] Loss: 0.0106, PSNR: 20.0188 dB
[Epoch 301] Loss: 0.0100, PSNR: 20.1523 dB
[Epoch 302] Loss: 0.0099, PSNR: 20.1822 dB
[Epoch 303] Loss: 0.0111, PSNR: 19.6564 dB
[Epoch 304] Loss: 0.0101, PSNR: 20.0573 dB
[Epoch 305] Loss: 0.0101, PSNR: 20.0257 dB
[Epoch 306] Loss: 0.0106, PSNR: 19.8709 dB
[Epoch 307] Loss: 0.0105, PSNR: 19.9762 dB
[Epoch 308] Loss: 0.0101, PSNR: 20.2803 dB
[Epoch 309] Loss: 0.0104, PSNR: 19.8787 dB
[Epoch 310] Loss: 0.0096, PSNR: 20.2295 dB
[Epoch 311] Loss: 0.0106, PSNR: 19.8410 dB
[Epoch 312] Loss: 0.0101, PSNR: 20.0970 dB
[Epoch 313] Loss: 0.0103, PSNR: 20.0347 dB
[Epoch 314] Loss: 0.0102, PSNR: 20.0134 dB
[Epoch 315] Loss: 0.0100, PSNR: 20.0016 dB
[Epoch 316] Loss: 0.0105, PSNR: 19.9035 dB
[Epoch 317] Loss: 0.0096, PSNR: 20.2789 dB
[Epoch 318] Loss: 0.0109, PSNR: 20.0512 dB
[Epoch 319] Loss: 0.0097, PSNR: 20.1834 dB
[Epoch 320] Loss: 0.0106, PSNR: 19.9179 dB
[Epoch 321] Loss: 0.0108, PSNR: 19.7741 dB
[Epoch 322] Loss: 0.0104, PSNR: 19.8919 dB
[Epoch 323] Loss: 0.0102, PSNR: 20.1114 dB
[Epoch 324] Loss: 0.0105, PSNR: 19.8988 dB
[Epoch 325] Loss: 0.0100, PSNR: 20.0992 dB
[Epoch 326] Loss: 0.0100, PSNR: 20.1139 dB
[Epoch 327] Loss: 0.0099, PSNR: 20.1114 dB
[Epoch 328] Loss: 0.0100, PSNR: 20.0477 dB
[Epoch 329] Loss: 0.0097, PSNR: 20.3009 dB
[Epoch 330] Loss: 0.0099, PSNR: 20.1081 dB
[Epoch 331] Loss: 0.0104, PSNR: 19.9910 dB
[Epoch 332] Loss: 0.0106, PSNR: 19.8535 dB
[Epoch 333] Loss: 0.0101, PSNR: 20.0947 dB
[Epoch 334] Loss: 0.0097, PSNR: 20.2161 dB
[Epoch 335] Loss: 0.0096, PSNR: 20.3313 dB
[Epoch 336] Loss: 0.0100, PSNR: 20.1882 dB
[Epoch 337] Loss: 0.0090, PSNR: 20.6963 dB
[Epoch 338] Loss: 0.0103, PSNR: 19.9247 dB
[Epoch 339] Loss: 0.0102, PSNR: 19.9573 dB
[Epoch 340] Loss: 0.0094, PSNR: 20.3226 dB
[Epoch 341] Loss: 0.0100, PSNR: 20.0467 dB
[Epoch 342] Loss: 0.0104, PSNR: 19.9603 dB
[Epoch 343] Loss: 0.0091, PSNR: 20.5025 dB
[Epoch 344] Loss: 0.0098, PSNR: 20.2569 dB
[Epoch 345] Loss: 0.0094, PSNR: 20.4522 dB
[Epoch 346] Loss: 0.0091, PSNR: 20.4386 dB
[Epoch 347] Loss: 0.0104, PSNR: 19.9346 dB
[Epoch 348] Loss: 0.0096, PSNR: 20.2944 dB
[Epoch 349] Loss: 0.0095, PSNR: 20.2719 dB
[Epoch 350] Loss: 0.0095, PSNR: 20.2919 dB
[Epoch 351] Loss: 0.0088, PSNR: 20.7654 dB
[Epoch 352] Loss: 0.0093, PSNR: 20.4922 dB
[Epoch 353] Loss: 0.0102, PSNR: 20.1234 dB
[Epoch 354] Loss: 0.0103, PSNR: 19.9199 dB
[Epoch 355] Loss: 0.0094, PSNR: 20.3048 dB
[Epoch 356] Loss: 0.0098, PSNR: 20.2229 dB
[Epoch 357] Loss: 0.0096, PSNR: 20.2699 dB
[Epoch 358] Loss: 0.0101, PSNR: 20.3111 dB
[Epoch 359] Loss: 0.0092, PSNR: 20.5817 dB
[Epoch 360] Loss: 0.0097, PSNR: 20.2055 dB
[Epoch 361] Loss: 0.0099, PSNR: 20.2129 dB
[Epoch 362] Loss: 0.0096, PSNR: 20.2245 dB
[Epoch 363] Loss: 0.0096, PSNR: 20.3007 dB
[Epoch 364] Loss: 0.0090, PSNR: 20.7084 dB
[Epoch 365] Loss: 0.0092, PSNR: 20.5828 dB
[Epoch 366] Loss: 0.0095, PSNR: 20.3464 dB
[Epoch 367] Loss: 0.0097, PSNR: 20.3433 dB
[Epoch 368] Loss: 0.0091, PSNR: 20.5415 dB
[Epoch 369] Loss: 0.0106, PSNR: 19.7792 dB
[Epoch 370] Loss: 0.0099, PSNR: 20.1456 dB
[Epoch 371] Loss: 0.0101, PSNR: 20.1158 dB
[Epoch 372] Loss: 0.0094, PSNR: 20.4603 dB
[Epoch 373] Loss: 0.0097, PSNR: 20.3124 dB
[Epoch 374] Loss: 0.0104, PSNR: 19.9023 dB
[Epoch 375] Loss: 0.0101, PSNR: 20.0753 dB
[Epoch 376] Loss: 0.0095, PSNR: 20.3310 dB
[Epoch 377] Loss: 0.0091, PSNR: 20.4892 dB
[Epoch 378] Loss: 0.0095, PSNR: 20.3646 dB
[Epoch 379] Loss: 0.0096, PSNR: 20.2302 dB
[Epoch 380] Loss: 0.0101, PSNR: 20.1498 dB
[Epoch 381] Loss: 0.0087, PSNR: 20.7503 dB
[Epoch 382] Loss: 0.0094, PSNR: 20.3228 dB
[Epoch 383] Loss: 0.0098, PSNR: 20.2379 dB
[Epoch 384] Loss: 0.0097, PSNR: 20.2546 dB
[Epoch 385] Loss: 0.0088, PSNR: 20.6971 dB
[Epoch 386] Loss: 0.0108, PSNR: 19.7581 dB
[Epoch 387] Loss: 0.0096, PSNR: 20.3127 dB
[Epoch 388] Loss: 0.0089, PSNR: 20.6238 dB
[Epoch 389] Loss: 0.0086, PSNR: 20.8356 dB
[Epoch 390] Loss: 0.0102, PSNR: 19.9813 dB
[Epoch 391] Loss: 0.0086, PSNR: 20.7452 dB
[Epoch 392] Loss: 0.0087, PSNR: 20.6563 dB
[Epoch 393] Loss: 0.0091, PSNR: 20.6135 dB
[Epoch 394] Loss: 0.0093, PSNR: 20.3686 dB
[Epoch 395] Loss: 0.0091, PSNR: 20.7204 dB
[Epoch 396] Loss: 0.0089, PSNR: 20.7360 dB
[Epoch 397] Loss: 0.0105, PSNR: 20.0003 dB
[Epoch 398] Loss: 0.0093, PSNR: 20.4301 dB
[Epoch 399] Loss: 0.0091, PSNR: 20.4919 dB
[Epoch 400] Loss: 0.0094, PSNR: 20.3757 dB
[Epoch 401] Loss: 0.0099, PSNR: 20.1243 dB
[Epoch 402] Loss: 0.0094, PSNR: 20.4481 dB
[Epoch 403] Loss: 0.0094, PSNR: 20.3991 dB
[Epoch 404] Loss: 0.0090, PSNR: 20.5841 dB
[Epoch 405] Loss: 0.0083, PSNR: 20.9745 dB
[Epoch 406] Loss: 0.0088, PSNR: 20.6169 dB
[Epoch 407] Loss: 0.0085, PSNR: 20.8194 dB
[Epoch 408] Loss: 0.0089, PSNR: 20.7187 dB
[Epoch 409] Loss: 0.0093, PSNR: 20.4444 dB
[Epoch 410] Loss: 0.0091, PSNR: 20.6470 dB
[Epoch 411] Loss: 0.0084, PSNR: 20.7874 dB
[Epoch 412] Loss: 0.0088, PSNR: 20.7134 dB
[Epoch 413] Loss: 0.0092, PSNR: 20.5954 dB
[Epoch 414] Loss: 0.0083, PSNR: 21.1637 dB
[Epoch 415] Loss: 0.0088, PSNR: 20.6983 dB
[Epoch 416] Loss: 0.0085, PSNR: 20.7582 dB
[Epoch 417] Loss: 0.0077, PSNR: 21.1285 dB
[Epoch 418] Loss: 0.0084, PSNR: 20.8317 dB
[Epoch 419] Loss: 0.0089, PSNR: 20.6136 dB
[Epoch 420] Loss: 0.0089, PSNR: 20.6154 dB
[Epoch 421] Loss: 0.0082, PSNR: 20.9704 dB
[Epoch 422] Loss: 0.0086, PSNR: 20.7769 dB
[Epoch 423] Loss: 0.0077, PSNR: 21.2473 dB
[Epoch 424] Loss: 0.0086, PSNR: 20.7230 dB
[Epoch 425] Loss: 0.0077, PSNR: 21.2092 dB
[Epoch 426] Loss: 0.0082, PSNR: 20.9283 dB
[Epoch 427] Loss: 0.0080, PSNR: 21.0553 dB
[Epoch 428] Loss: 0.0083, PSNR: 20.8651 dB
[Epoch 429] Loss: 0.0074, PSNR: 21.3415 dB
[Epoch 430] Loss: 0.0079, PSNR: 21.0737 dB
[Epoch 431] Loss: 0.0081, PSNR: 21.0504 dB
[Epoch 432] Loss: 0.0079, PSNR: 21.0853 dB
[Epoch 433] Loss: 0.0081, PSNR: 21.0358 dB
[Epoch 434] Loss: 0.0074, PSNR: 21.4470 dB
[Epoch 435] Loss: 0.0069, PSNR: 21.6861 dB
[Epoch 436] Loss: 0.0070, PSNR: 21.7106 dB
[Epoch 437] Loss: 0.0070, PSNR: 21.6601 dB
[Epoch 438] Loss: 0.0069, PSNR: 21.7328 dB
[Epoch 439] Loss: 0.0068, PSNR: 21.6985 dB
[Epoch 440] Loss: 0.0070, PSNR: 21.6297 dB
[Epoch 441] Loss: 0.0064, PSNR: 21.9998 dB
[Epoch 442] Loss: 0.0061, PSNR: 22.1827 dB
[Epoch 443] Loss: 0.0066, PSNR: 21.9211 dB
[Epoch 444] Loss: 0.0067, PSNR: 21.9515 dB
[Epoch 445] Loss: 0.0072, PSNR: 21.5403 dB
[Epoch 446] Loss: 0.0066, PSNR: 21.9757 dB
[Epoch 447] Loss: 0.0071, PSNR: 21.6575 dB
[Epoch 448] Loss: 0.0065, PSNR: 21.9328 dB
[Epoch 449] Loss: 0.0063, PSNR: 22.1401 dB
[Epoch 450] Loss: 0.0065, PSNR: 21.9821 dB
[Epoch 451] Loss: 0.0064, PSNR: 22.0628 dB
[Epoch 452] Loss: 0.0058, PSNR: 22.4358 dB
[Epoch 453] Loss: 0.0058, PSNR: 22.5110 dB
[Epoch 454] Loss: 0.0065, PSNR: 21.9897 dB
[Epoch 455] Loss: 0.0066, PSNR: 22.0184 dB
[Epoch 456] Loss: 0.0060, PSNR: 22.4009 dB
[Epoch 457] Loss: 0.0064, PSNR: 22.2020 dB
[Epoch 458] Loss: 0.0059, PSNR: 22.4583 dB
[Epoch 459] Loss: 0.0061, PSNR: 22.2156 dB
[Epoch 460] Loss: 0.0061, PSNR: 22.2464 dB
[Epoch 461] Loss: 0.0065, PSNR: 21.9641 dB
[Epoch 462] Loss: 0.0059, PSNR: 22.4012 dB
[Epoch 463] Loss: 0.0062, PSNR: 22.1463 dB
[Epoch 464] Loss: 0.0063, PSNR: 22.0928 dB
[Epoch 465] Loss: 0.0056, PSNR: 22.6054 dB
[Epoch 466] Loss: 0.0058, PSNR: 22.5105 dB
[Epoch 467] Loss: 0.0061, PSNR: 22.3223 dB
[Epoch 468] Loss: 0.0062, PSNR: 22.2548 dB
[Epoch 469] Loss: 0.0064, PSNR: 22.0200 dB
[Epoch 470] Loss: 0.0065, PSNR: 21.9339 dB
[Epoch 471] Loss: 0.0054, PSNR: 22.7762 dB
[Epoch 472] Loss: 0.0060, PSNR: 22.3804 dB
[Epoch 473] Loss: 0.0056, PSNR: 22.6066 dB
[Epoch 474] Loss: 0.0064, PSNR: 22.0646 dB
[Epoch 475] Loss: 0.0061, PSNR: 22.3056 dB
[Epoch 476] Loss: 0.0058, PSNR: 22.5212 dB
[Epoch 477] Loss: 0.0058, PSNR: 22.4049 dB
[Epoch 478] Loss: 0.0057, PSNR: 22.4893 dB
[Epoch 479] Loss: 0.0063, PSNR: 22.1663 dB
[Epoch 480] Loss: 0.0060, PSNR: 22.3516 dB
[Epoch 481] Loss: 0.0062, PSNR: 22.2477 dB
[Epoch 482] Loss: 0.0065, PSNR: 22.0459 dB
[Epoch 483] Loss: 0.0057, PSNR: 22.6022 dB
[Epoch 484] Loss: 0.0061, PSNR: 22.2142 dB
[Epoch 485] Loss: 0.0057, PSNR: 22.5830 dB
[Epoch 486] Loss: 0.0055, PSNR: 22.7298 dB
[Epoch 487] Loss: 0.0061, PSNR: 22.2873 dB
[Epoch 488] Loss: 0.0058, PSNR: 22.4305 dB
[Epoch 489] Loss: 0.0057, PSNR: 22.6450 dB
[Epoch 490] Loss: 0.0060, PSNR: 22.3182 dB
[Epoch 491] Loss: 0.0055, PSNR: 22.6901 dB
[Epoch 492] Loss: 0.0058, PSNR: 22.3738 dB
[Epoch 493] Loss: 0.0065, PSNR: 21.9528 dB
[Epoch 494] Loss: 0.0058, PSNR: 22.5592 dB
[Epoch 495] Loss: 0.0056, PSNR: 22.6245 dB
[Epoch 496] Loss: 0.0055, PSNR: 22.8138 dB
[Epoch 497] Loss: 0.0055, PSNR: 22.6529 dB
[Epoch 498] Loss: 0.0056, PSNR: 22.5798 dB
[Epoch 499] Loss: 0.0055, PSNR: 22.6128 dB
[Epoch 500] Loss: 0.0062, PSNR: 22.3157 dB
===> Avrg Loss: 0.0035 PSNR: 24.9775 dB [ VAL 0.0036 / 25.0358 dB ]
[Epoch 501] Loss: 0.0061, PSNR: 22.2734 dB
[Epoch 502] Loss: 0.0057, PSNR: 22.5163 dB
[Epoch 503] Loss: 0.0058, PSNR: 22.5685 dB
[Epoch 504] Loss: 0.0059, PSNR: 22.5164 dB
[Epoch 505] Loss: 0.0064, PSNR: 22.2195 dB
[Epoch 506] Loss: 0.0056, PSNR: 22.6012 dB
[Epoch 507] Loss: 0.0059, PSNR: 22.4407 dB
[Epoch 508] Loss: 0.0060, PSNR: 22.5172 dB
[Epoch 509] Loss: 0.0053, PSNR: 22.9105 dB
[Epoch 510] Loss: 0.0061, PSNR: 22.2102 dB
[Epoch 511] Loss: 0.0059, PSNR: 22.3420 dB
[Epoch 512] Loss: 0.0057, PSNR: 22.5737 dB
[Epoch 513] Loss: 0.0060, PSNR: 22.3011 dB
[Epoch 514] Loss: 0.0059, PSNR: 22.4125 dB
[Epoch 515] Loss: 0.0061, PSNR: 22.1936 dB
[Epoch 516] Loss: 0.0056, PSNR: 22.6426 dB
[Epoch 517] Loss: 0.0057, PSNR: 22.5384 dB
[Epoch 518] Loss: 0.0052, PSNR: 22.8601 dB
[Epoch 519] Loss: 0.0058, PSNR: 22.5259 dB
[Epoch 520] Loss: 0.0053, PSNR: 22.8073 dB
[Epoch 521] Loss: 0.0058, PSNR: 22.5686 dB
[Epoch 522] Loss: 0.0057, PSNR: 22.5523 dB
[Epoch 523] Loss: 0.0058, PSNR: 22.5311 dB
[Epoch 524] Loss: 0.0058, PSNR: 22.4814 dB
[Epoch 525] Loss: 0.0058, PSNR: 22.4740 dB
[Epoch 526] Loss: 0.0055, PSNR: 22.6083 dB
[Epoch 527] Loss: 0.0060, PSNR: 22.4007 dB
[Epoch 528] Loss: 0.0054, PSNR: 22.8160 dB
[Epoch 529] Loss: 0.0058, PSNR: 22.5142 dB
[Epoch 530] Loss: 0.0056, PSNR: 22.5909 dB
[Epoch 531] Loss: 0.0060, PSNR: 22.3584 dB
[Epoch 532] Loss: 0.0055, PSNR: 22.7724 dB
[Epoch 533] Loss: 0.0059, PSNR: 22.6340 dB
[Epoch 534] Loss: 0.0051, PSNR: 23.0150 dB
[Epoch 535] Loss: 0.0063, PSNR: 22.1808 dB
[Epoch 536] Loss: 0.0057, PSNR: 22.6113 dB
[Epoch 537] Loss: 0.0056, PSNR: 22.6604 dB
[Epoch 538] Loss: 0.0050, PSNR: 23.1542 dB
[Epoch 539] Loss: 0.0056, PSNR: 22.6633 dB
[Epoch 540] Loss: 0.0056, PSNR: 22.7145 dB
[Epoch 541] Loss: 0.0061, PSNR: 22.3856 dB
[Epoch 542] Loss: 0.0056, PSNR: 22.6080 dB
[Epoch 543] Loss: 0.0055, PSNR: 22.6794 dB
[Epoch 544] Loss: 0.0059, PSNR: 22.4619 dB
[Epoch 545] Loss: 0.0053, PSNR: 22.8824 dB
[Epoch 546] Loss: 0.0062, PSNR: 22.2627 dB
[Epoch 547] Loss: 0.0055, PSNR: 22.7454 dB
[Epoch 548] Loss: 0.0060, PSNR: 22.2941 dB
[Epoch 549] Loss: 0.0054, PSNR: 22.7386 dB
[Epoch 550] Loss: 0.0063, PSNR: 22.1943 dB
[Epoch 551] Loss: 0.0054, PSNR: 22.8202 dB
[Epoch 552] Loss: 0.0057, PSNR: 22.5640 dB
[Epoch 553] Loss: 0.0055, PSNR: 22.7474 dB
[Epoch 554] Loss: 0.0050, PSNR: 23.1330 dB
[Epoch 555] Loss: 0.0052, PSNR: 22.9541 dB
[Epoch 556] Loss: 0.0055, PSNR: 22.6269 dB
[Epoch 557] Loss: 0.0056, PSNR: 22.5668 dB
[Epoch 558] Loss: 0.0053, PSNR: 22.9627 dB
[Epoch 559] Loss: 0.0057, PSNR: 22.5398 dB
[Epoch 560] Loss: 0.0058, PSNR: 22.5084 dB
[Epoch 561] Loss: 0.0049, PSNR: 23.1737 dB
[Epoch 562] Loss: 0.0055, PSNR: 22.9525 dB
[Epoch 563] Loss: 0.0055, PSNR: 22.7269 dB
[Epoch 564] Loss: 0.0054, PSNR: 22.7050 dB
[Epoch 565] Loss: 0.0061, PSNR: 22.2782 dB
[Epoch 566] Loss: 0.0056, PSNR: 22.7032 dB
[Epoch 567] Loss: 0.0054, PSNR: 22.8691 dB
[Epoch 568] Loss: 0.0058, PSNR: 22.4810 dB
[Epoch 569] Loss: 0.0059, PSNR: 22.3843 dB
[Epoch 570] Loss: 0.0055, PSNR: 22.6892 dB
